# JRE version: Java(TM) SE Runtime Environment (8.0_121-b13) (build 1.8.0_121-b13)
# Java VM: Java HotSpot(TM) 64-Bit Server VM (25.121-b13 mixed mode windows-amd64 compressed oops)
Heap:
 PSYoungGen      total 616960K, used 581085K [0x00000000d6400000, 0x00000000ffc80000, 0x0000000100000000)
  eden space 559104K, 100% used [0x00000000d6400000,0x00000000f8600000,0x00000000f8600000)
  from space 57856K, 37% used [0x00000000f8600000,0x00000000f9b777e0,0x00000000fbe80000)
  to   space 54272K, 18% used [0x00000000fc780000,0x00000000fd15b020,0x00000000ffc80000)
 ParOldGen       total 282624K, used 148646K [0x0000000082c00000, 0x0000000094000000, 0x00000000d6400000)
  object space 282624K, 52% used [0x0000000082c00000,0x000000008bd29ac8,0x0000000094000000)
 Metaspace       used 81190K, capacity 82250K, committed 82560K, reserved 1120256K
  class space    used 11316K, capacity 11538K, committed 11648K, reserved 1048576K
GC Heap History (10 events):
Event: 284.187 GC heap after
Heap after GC invocations=69 (full 4):
 PSYoungGen      total 611840K, used 11232K [0x00000000d6400000, 0x00000000fff00000, 0x0000000100000000)
  eden space 543232K, 0% used [0x00000000d6400000,0x00000000d6400000,0x00000000f7680000)
  from space 68608K, 16% used [0x00000000f7680000,0x00000000f8178048,0x00000000fb980000)
  to   space 67072K, 0% used [0x00000000fbd80000,0x00000000fbd80000,0x00000000fff00000)
 ParOldGen       total 282624K, used 148622K [0x0000000082c00000, 0x0000000094000000, 0x00000000d6400000)
  object space 282624K, 52% used [0x0000000082c00000,0x000000008bd23ac8,0x0000000094000000)
 Metaspace       used 81024K, capacity 82074K, committed 82560K, reserved 1120256K
  class space    used 11311K, capacity 11530K, committed 11648K, reserved 1048576K
}
Event: 287.235 GC heap before
{Heap before GC invocations=70 (full 4):
 PSYoungGen      total 611840K, used 554464K [0x00000000d6400000, 0x00000000fff00000, 0x0000000100000000)
  eden space 543232K, 100% used [0x00000000d6400000,0x00000000f7680000,0x00000000f7680000)
  from space 68608K, 16% used [0x00000000f7680000,0x00000000f8178048,0x00000000fb980000)
  to   space 67072K, 0% used [0x00000000fbd80000,0x00000000fbd80000,0x00000000fff00000)
 ParOldGen       total 282624K, used 148622K [0x0000000082c00000, 0x0000000094000000, 0x00000000d6400000)
  object space 282624K, 52% used [0x0000000082c00000,0x000000008bd23ac8,0x0000000094000000)
 Metaspace       used 81086K, capacity 82150K, committed 82560K, reserved 1120256K
  class space    used 11312K, capacity 11532K, committed 11648K, reserved 1048576K
Event: 287.243 GC heap after
Heap after GC invocations=70 (full 4):
 PSYoungGen      total 608768K, used 14945K [0x00000000d6400000, 0x00000000ff880000, 0x0000000100000000)
  eden space 548352K, 0% used [0x00000000d6400000,0x00000000d6400000,0x00000000f7b80000)
  from space 60416K, 24% used [0x00000000fbd80000,0x00000000fcc185b0,0x00000000ff880000)
  to   space 64000K, 0% used [0x00000000f7b80000,0x00000000f7b80000,0x00000000fba00000)
 ParOldGen       total 282624K, used 148622K [0x0000000082c00000, 0x0000000094000000, 0x00000000d6400000)
  object space 282624K, 52% used [0x0000000082c00000,0x000000008bd23ac8,0x0000000094000000)
 Metaspace       used 81086K, capacity 82150K, committed 82560K, reserved 1120256K
  class space    used 11312K, capacity 11532K, committed 11648K, reserved 1048576K
}
Event: 289.930 GC heap before
{Heap before GC invocations=71 (full 4):
 PSYoungGen      total 608768K, used 563297K [0x00000000d6400000, 0x00000000ff880000, 0x0000000100000000)
  eden space 548352K, 100% used [0x00000000d6400000,0x00000000f7b80000,0x00000000f7b80000)
  from space 60416K, 24% used [0x00000000fbd80000,0x00000000fcc185b0,0x00000000ff880000)
  to   space 64000K, 0% used [0x00000000f7b80000,0x00000000f7b80000,0x00000000fba00000)
 ParOldGen       total 282624K, used 148622K [0x0000000082c00000, 0x0000000094000000, 0x00000000d6400000)
  object space 282624K, 52% used [0x0000000082c00000,0x000000008bd23ac8,0x0000000094000000)
 Metaspace       used 81144K, capacity 82226K, committed 82560K, reserved 1120256K
  class space    used 11313K, capacity 11534K, committed 11648K, reserved 1048576K
Event: 289.938 GC heap after
Heap after GC invocations=71 (full 4):
 PSYoungGen      total 612352K, used 17513K [0x00000000d6400000, 0x00000000ffd80000, 0x0000000100000000)
  eden space 548352K, 0% used [0x00000000d6400000,0x00000000d6400000,0x00000000f7b80000)
  from space 64000K, 27% used [0x00000000f7b80000,0x00000000f8c9a7b8,0x00000000fba00000)
  to   space 60928K, 0% used [0x00000000fc200000,0x00000000fc200000,0x00000000ffd80000)
 ParOldGen       total 282624K, used 148630K [0x0000000082c00000, 0x0000000094000000, 0x00000000d6400000)
  object space 282624K, 52% used [0x0000000082c00000,0x000000008bd25ac8,0x0000000094000000)
 Metaspace       used 81144K, capacity 82226K, committed 82560K, reserved 1120256K
  class space    used 11313K, capacity 11534K, committed 11648K, reserved 1048576K
}
Event: 292.059 GC heap before
{Heap before GC invocations=72 (full 4):
 PSYoungGen      total 612352K, used 565865K [0x00000000d6400000, 0x00000000ffd80000, 0x0000000100000000)
  eden space 548352K, 100% used [0x00000000d6400000,0x00000000f7b80000,0x00000000f7b80000)
  from space 64000K, 27% used [0x00000000f7b80000,0x00000000f8c9a7b8,0x00000000fba00000)
  to   space 60928K, 0% used [0x00000000fc200000,0x00000000fc200000,0x00000000ffd80000)
 ParOldGen       total 282624K, used 148630K [0x0000000082c00000, 0x0000000094000000, 0x00000000d6400000)
  object space 282624K, 52% used [0x0000000082c00000,0x000000008bd25ac8,0x0000000094000000)
 Metaspace       used 81151K, capacity 82226K, committed 82560K, reserved 1120256K
  class space    used 11313K, capacity 11534K, committed 11648K, reserved 1048576K
Event: 292.068 GC heap after
Heap after GC invocations=72 (full 4):
 PSYoungGen      total 613376K, used 18836K [0x00000000d6400000, 0x00000000ff700000, 0x0000000100000000)
  eden space 559104K, 0% used [0x00000000d6400000,0x00000000d6400000,0x00000000f8600000)
  from space 54272K, 34% used [0x00000000fc200000,0x00000000fd465160,0x00000000ff700000)
  to   space 57856K, 0% used [0x00000000f8600000,0x00000000f8600000,0x00000000fbe80000)
 ParOldGen       total 282624K, used 148638K [0x0000000082c00000, 0x0000000094000000, 0x00000000d6400000)
  object space 282624K, 52% used [0x0000000082c00000,0x000000008bd27ac8,0x0000000094000000)
 Metaspace       used 81151K, capacity 82226K, committed 82560K, reserved 1120256K
  class space    used 11313K, capacity 11534K, committed 11648K, reserved 1048576K
}
Event: 293.924 GC heap before
{Heap before GC invocations=73 (full 4):
 PSYoungGen      total 613376K, used 577940K [0x00000000d6400000, 0x00000000ff700000, 0x0000000100000000)
  eden space 559104K, 100% used [0x00000000d6400000,0x00000000f8600000,0x00000000f8600000)
  from space 54272K, 34% used [0x00000000fc200000,0x00000000fd465160,0x00000000ff700000)
  to   space 57856K, 0% used [0x00000000f8600000,0x00000000f8600000,0x00000000fbe80000)
 ParOldGen       total 282624K, used 148638K [0x0000000082c00000, 0x0000000094000000, 0x00000000d6400000)
  object space 282624K, 52% used [0x0000000082c00000,0x000000008bd27ac8,0x0000000094000000)
 Metaspace       used 81170K, capacity 82238K, committed 82560K, reserved 1120256K
  class space    used 11314K, capacity 11536K, committed 11648K, reserved 1048576K
Event: 293.933 GC heap after
Heap after GC invocations=73 (full 4):
 PSYoungGen      total 616960K, used 21981K [0x00000000d6400000, 0x00000000ffc80000, 0x0000000100000000)
  eden space 559104K, 0% used [0x00000000d6400000,0x00000000d6400000,0x00000000f8600000)
  from space 57856K, 37% used [0x00000000f8600000,0x00000000f9b777e0,0x00000000fbe80000)
  to   space 54272K, 0% used [0x00000000fc780000,0x00000000fc780000,0x00000000ffc80000)
 ParOldGen       total 282624K, used 148638K [0x0000000082c00000, 0x0000000094000000, 0x00000000d6400000)
  object space 282624K, 52% used [0x0000000082c00000,0x000000008bd27ac8,0x0000000094000000)
 Metaspace       used 81170K, capacity 82238K, committed 82560K, reserved 1120256K
  class space    used 11314K, capacity 11536K, committed 11648K, reserved 1048576K
}
Event: 296.757 GC heap before
{Heap before GC invocations=74 (full 4):
 PSYoungGen      total 616960K, used 581085K [0x00000000d6400000, 0x00000000ffc80000, 0x0000000100000000)
  eden space 559104K, 100% used [0x00000000d6400000,0x00000000f8600000,0x00000000f8600000)
  from space 57856K, 37% used [0x00000000f8600000,0x00000000f9b777e0,0x00000000fbe80000)
  to   space 54272K, 0% used [0x00000000fc780000,0x00000000fc780000,0x00000000ffc80000)
 ParOldGen       total 282624K, used 148638K [0x0000000082c00000, 0x0000000094000000, 0x00000000d6400000)
  object space 282624K, 52% used [0x0000000082c00000,0x000000008bd27ac8,0x0000000094000000)
 Metaspace       used 81190K, capacity 82250K, committed 82560K, reserved 1120256K
  class space    used 11316K, capacity 11538K, committed 11648K, reserved 1048576K

